Compilación iniciada a las 15/12/2018 01:50:36 p. m..
     1>Proyecto "C:\Users\lucar\Documents\Visual Studio 2012\Projects\C++\CifradoCesaYTransposicionInversaDesktop\CifradoCesaYTransposicionInversa\CifradoCesaYTransposicionInversa.vcxproj" en el nodo 2 (Build destinos).
     1>ClCompile:
         C:\Program Files (x86)\Microsoft Visual Studio 11.0\VC\bin\CL.exe /c /AI"C:\Program Files (x86)\Reference Assemblies\Microsoft\Framework\.NETFramework\v4.0" /AI"C:\Program Files (x86)\Windows Kits\8.0\References\CommonConfiguration\Neutral" /Zi /clr /nologo /W3 /WX- /sdl /Od /Oy- /D _MBCS /EHa /MDd /GS /fp:precise /Zc:wchar_t /Zc:forScope /Fo"Debug\\" /Fd"Debug\vc110.pdb" /TP /FU"C:\Program Files (x86)\Reference Assemblies\Microsoft\Framework\.NETFramework\v4.0\mscorlib.dll" /FU"C:\Program Files (x86)\Reference Assemblies\Microsoft\Framework\.NETFramework\v4.0\System.Data.dll" /FU"C:\Program Files (x86)\Reference Assemblies\Microsoft\Framework\.NETFramework\v4.0\System.dll" /FU"C:\Program Files (x86)\Reference Assemblies\Microsoft\Framework\.NETFramework\v4.0\System.Drawing.dll" /FU"C:\Program Files (x86)\Reference Assemblies\Microsoft\Framework\.NETFramework\v4.0\System.Windows.Forms.dll" /FU"C:\Program Files (x86)\Reference Assemblies\Microsoft\Framework\.NETFramework\v4.0\System.Xml.dll" /analyze- /errorReport:prompt /clr:nostdlib Principal.cpp
         Principal.cpp
         C:\Program Files (x86)\Microsoft Visual Studio 11.0\VC\bin\CL.exe /c /AI"C:\Program Files (x86)\Reference Assemblies\Microsoft\Framework\.NETFramework\v4.0" /AI"C:\Program Files (x86)\Windows Kits\8.0\References\CommonConfiguration\Neutral" /Zi /clr /nologo /W3 /WX- /sdl /Od /Oy- /D _MBCS /Gm- /EHa /MDd /GS /fp:precise /Zc:wchar_t /Zc:forScope /Fo"Debug\\" /Fd"Debug\vc110.pdb" /TP /FU"C:\Program Files (x86)\Reference Assemblies\Microsoft\Framework\.NETFramework\v4.0\mscorlib.dll" /FU"C:\Program Files (x86)\Reference Assemblies\Microsoft\Framework\.NETFramework\v4.0\System.Data.dll" /FU"C:\Program Files (x86)\Reference Assemblies\Microsoft\Framework\.NETFramework\v4.0\System.dll" /FU"C:\Program Files (x86)\Reference Assemblies\Microsoft\Framework\.NETFramework\v4.0\System.Drawing.dll" /FU"C:\Program Files (x86)\Reference Assemblies\Microsoft\Framework\.NETFramework\v4.0\System.Windows.Forms.dll" /FU"C:\Program Files (x86)\Reference Assemblies\Microsoft\Framework\.NETFramework\v4.0\System.Xml.dll" /analyze- /errorReport:prompt /clr:nostdlib Interfaz.cpp
         Interfaz.cpp
       Link:
         C:\Program Files (x86)\Microsoft Visual Studio 11.0\VC\bin\link.exe /ERRORREPORT:PROMPT /OUT:"C:\Users\lucar\Documents\Visual Studio 2012\Projects\C++\CifradoCesaYTransposicionInversaDesktop\Debug\CifradoCesaYTransposicionInversa.exe" /INCREMENTAL /NOLOGO kernel32.lib user32.lib gdi32.lib winspool.lib comdlg32.lib advapi32.lib shell32.lib ole32.lib oleaut32.lib uuid.lib odbc32.lib odbccp32.lib /ASSEMBLYRESOURCE:Debug\CifradoCesaYTransposicionInversa.Interfaz.resources /MANIFEST /MANIFESTUAC:"level='asInvoker' uiAccess='false'" /manifest:embed /DEBUG /PDB:"C:\Users\lucar\Documents\Visual Studio 2012\Projects\C++\CifradoCesaYTransposicionInversaDesktop\Debug\CifradoCesaYTransposicionInversa.pdb" /ASSEMBLYDEBUG /SUBSYSTEM:WINDOWS /TLBID:1 /ENTRY:"main" /DYNAMICBASE /FIXED:NO /NXCOMPAT /MACHINE:X86 Debug\Alfabeto.obj
         Debug\CifradoCesar.obj
         Debug\CifradoTInversa.obj
         Debug\CifradoTInversaAgrupacion.obj
         Debug\Interfaz.obj
         Debug\Principal.obj
         Debug\TextoCifrado.obj
         Debug\TextoPlano.obj
         "Debug\.NETFramework,Version=v4.0.AssemblyAttributes.obj"
         CifradoCesaYTransposicionInversa.vcxproj -> C:\Users\lucar\Documents\Visual Studio 2012\Projects\C++\CifradoCesaYTransposicionInversaDesktop\Debug\CifradoCesaYTransposicionInversa.exe
     1>Compilación del proyecto terminada "C:\Users\lucar\Documents\Visual Studio 2012\Projects\C++\CifradoCesaYTransposicionInversaDesktop\CifradoCesaYTransposicionInversa\CifradoCesaYTransposicionInversa.vcxproj" (Build destinos).

Compilación correcta.

Tiempo transcurrido 00:00:06.54
